<?xml version="1.0" encoding="utf-8"?><testsuites name="pytest tests"><testsuite name="pytest" errors="0" failures="0" skipped="0" tests="19" time="14.395" timestamp="2026-04-02T02:59:07.138230+00:00" hostname="agent-env-cc724b1e-40d1-4ea4-b5bc-383370fb264a"><testcase classname="tests.test_api.TestHealth" name="test_health_check" time="0.255" /><testcase classname="tests.test_api.TestSongs" name="test_get_all_songs" time="0.139" /><testcase classname="tests.test_api.TestSongs" name="test_get_song_by_id" time="0.292" /><testcase classname="tests.test_api.TestSongs" name="test_get_song_not_found" time="0.105" /><testcase classname="tests.test_api.TestSongs" name="test_filter_songs_by_genre" time="0.104" /><testcase classname="tests.test_api.TestSongs" name="test_filter_songs_by_artist" time="0.160" /><testcase classname="tests.test_api.TestAggregations" name="test_get_artists" time="0.132" /><testcase classname="tests.test_api.TestAggregations" name="test_get_genres" time="0.109" /><testcase classname="tests.test_api.TestAggregations" name="test_get_albums" time="0.114" /><testcase classname="tests.test_api.TestAISearch" name="test_search_basic_regex" time="0.114" /><testcase classname="tests.test_api.TestAISearch" name="test_search_empty_query" time="0.102" /><testcase classname="tests.test_api.TestAISearch" name="test_search_ai_fallback" time="6.530" /><testcase classname="tests.test_api.TestAIAnalysis" name="test_analyze_song" time="4.426" /><testcase classname="tests.test_api.TestAIAnalysis" name="test_analyze_nonexistent_song" time="0.111" /><testcase classname="tests.test_api.TestEQPresets" name="test_get_eq_presets" time="0.176" /><testcase classname="tests.test_api.TestPlaylists" name="test_get_playlists_empty" time="0.127" /><testcase classname="tests.test_api.TestPlaylists" name="test_create_playlist" time="0.352" /><testcase classname="tests.test_api.TestSettings" name="test_get_settings" time="0.103" /><testcase classname="tests.test_api.TestSettings" name="test_update_settings" time="0.677" /></testsuite></testsuites>